<?xml version="1.0" encoding="UTF-8"?>
<!-- Generated by org.testng.reporters.JUnitReportReporter -->
<testsuite hostname="user-PC" name="dynamicwebtable.Searchtable" tests="1" failures="0" timestamp="9 Sep 2018 15:12:09 GMT" time="38.079" errors="0">
  <testcase name="Tabletest" time="38.079" classname="dynamicwebtable.Searchtable"/>
</testsuite> <!-- dynamicwebtable.Searchtable -->
