<?xml version="1.0" encoding="UTF-8"?>
<!-- Generated by org.testng.reporters.JUnitReportReporter -->
<testsuite hostname="user-PC" name="dynamicwebtable.Dynamictable" tests="1" failures="0" timestamp="9 Sep 2018 13:09:09 GMT" time="8.045" errors="0">
  <testcase name="Tabletest" time="8.045" classname="dynamicwebtable.Dynamictable"/>
</testsuite> <!-- dynamicwebtable.Dynamictable -->
